<?xml version="1.0" encoding="UTF-8"?>
<!-- Generated by org.testng.reporters.JUnitReportReporter -->
<testsuite hostname="Rmaster90" failures="0" tests="4" name="Testcases.Responsive" time="19.891" errors="0" timestamp="2022-02-20T16:07:11 IRST" skipped="0">
  <testcase classname="Testcases.Responsive" name="validateResponsive" time="3.925"/>
  <system-out/>
  <testcase classname="Testcases.Responsive" name="validateResponsive" time="7.530"/>
  <system-out/>
  <testcase classname="Testcases.Responsive" name="validateResponsive" time="4.593"/>
  <system-out/>
  <testcase classname="Testcases.Responsive" name="validateResponsive" time="3.843"/>
  <system-out/>
</testsuite> <!-- Testcases.Responsive -->
